<?xml version="1.0" encoding="UTF-8"?>
<!-- Generated by org.testng.reporters.JUnitReportReporter -->
<testsuite hostname="ABHIJEET" failures="0" tests="3" name="Test.LoginTestZerodha" time="47.313" errors="0" timestamp="2022-04-30T11:17:13 IST" skipped="0">
  <testcase classname="Test.LoginTestZerodha" name="forgotPassword" time="4.885"/>
  <system-out/>
  <testcase classname="Test.LoginTestZerodha" name="signUpPage" time="7.115"/>
  <system-out/>
  <testcase classname="Test.LoginTestZerodha" name="loginWithVaildCridentials" time="35.313"/>
  <system-out/>
</testsuite> <!-- Test.LoginTestZerodha -->
